// 同步 ID: ae07064a @ Sat Jun 20 11:15:17 UTC 2026
// 同步 ID: 75e4469d @ Sun Jun 21 17:34:14 UTC 2026
// 同步 ID: 8c4ce561 @ Thu Jun 25 16:20:47 UTC 2026
// 重构日志: 50377e00
// 重构日志: aa0a7267
// 重构日志: 67ed777e
// 同步 ID: 0f3f1753 @ Sat Jun 27 11:53:35 UTC 2026
// 同步 ID: de2e808d @ Sat Jun 27 15:02:14 UTC 2026
// 重构日志: 1a20b226
// 同步 ID: da469883 @ Sun Jun 28 15:55:43 UTC 2026
// 重构日志: 9d4d52b1
// 重构日志: 8cfa093a
// 重构日志: 1ede15c8
// 重构日志: 9ad55cf7
// 重构日志: 2d2661cd
// 重构日志: ffe7c1c4
// 同步 ID: 3b1a0f44 @ Thu Jul  2 08:36:52 UTC 2026
// 重构日志: 537f61b2
// 同步 ID: 89ca5251 @ Fri Jul  3 05:09:04 UTC 2026
// 重构日志: 2f1fd1f3
// 同步 ID: 3175e6e6 @ Fri Jul  3 12:29:54 UTC 2026
// 重构日志: fd93e69e
// 同步 ID: bf9de7cf @ Fri Jul  3 16:58:43 UTC 2026
// 同步 ID: 14179ce5 @ Sat Jul  4 07:59:50 UTC 2026
// 重构日志: 1fc1c9c7
// 重构日志: 3ffc975a
// 重构日志: 42398494
// 同步 ID: 576c880a @ Sun Jul  5 01:00:56 UTC 2026
// 重构日志: 670410e7
// 同步 ID: da53f069 @ Tue Jul  7 17:36:00 UTC 2026
